[0.387s] DEBUG:colcon:Command line arguments: ['/usr/bin/colcon', 'build', '--symlink-install']
[0.388s] DEBUG:colcon:Parsed command line arguments: Namespace(log_base=None, log_level=None, verb_name='build', build_base='build', install_base='install', merge_install=False, symlink_install=True, test_result_base=None, continue_on_error=False, executor='parallel', parallel_workers=8, event_handlers=None, ignore_user_meta=False, metas=['./colcon.meta'], base_paths=['.'], packages_ignore=None, packages_ignore_regex=None, paths=None, packages_up_to=None, packages_up_to_regex=None, packages_above=None, packages_above_and_dependencies=None, packages_above_depth=None, packages_select_by_dep=None, packages_skip_by_dep=None, packages_skip_up_to=None, packages_select_build_failed=False, packages_skip_build_finished=False, packages_select_test_failures=False, packages_skip_test_passed=False, packages_select=None, packages_skip=None, packages_select_regex=None, packages_skip_regex=None, packages_start=None, packages_end=None, allow_overriding=[], cmake_args=None, cmake_target=None, cmake_target_skip_unavailable=False, cmake_clean_cache=False, cmake_clean_first=False, cmake_force_configure=False, ament_cmake_args=None, catkin_cmake_args=None, catkin_skip_building_tests=False, mixin_files=None, mixin=None, verb_parser=<colcon_mixin.mixin.mixin_argument.MixinArgumentDecorator object at 0x749f6647eba0>, verb_extension=<colcon_core.verb.build.BuildVerb object at 0x749f665b2810>, main=<bound method BuildVerb.main of <colcon_core.verb.build.BuildVerb object at 0x749f665b2810>>, mixin_verb=('build',))
[0.505s] Level 1:colcon.colcon_core.package_discovery:discover_packages(colcon_meta) check parameters
[0.506s] Level 1:colcon.colcon_core.package_discovery:discover_packages(recursive) check parameters
[0.507s] Level 1:colcon.colcon_core.package_discovery:discover_packages(ignore) check parameters
[0.507s] Level 1:colcon.colcon_core.package_discovery:discover_packages(path) check parameters
[0.508s] Level 1:colcon.colcon_core.package_discovery:discover_packages(colcon_meta) discover
[0.508s] Level 1:colcon.colcon_core.package_discovery:discover_packages(recursive) discover
[0.509s] INFO:colcon.colcon_core.package_discovery:Crawling recursively for packages in '/mnt/c/Users/elkah/lh2_positioning/positioningv10/ros2_ws'
[0.512s] Level 1:colcon.colcon_core.package_identification:_identify(.) by extensions ['ignore', 'ignore_ament_install']
[0.513s] Level 1:colcon.colcon_core.package_identification:_identify(.) by extension 'ignore'
[0.514s] Level 1:colcon.colcon_core.package_identification:_identify(.) by extension 'ignore_ament_install'
[0.516s] Level 1:colcon.colcon_core.package_identification:_identify(.) by extensions ['colcon_pkg']
[0.516s] Level 1:colcon.colcon_core.package_identification:_identify(.) by extension 'colcon_pkg'
[0.517s] Level 1:colcon.colcon_core.package_identification:_identify(.) by extensions ['colcon_meta']
[0.518s] Level 1:colcon.colcon_core.package_identification:_identify(.) by extension 'colcon_meta'
[0.518s] Level 1:colcon.colcon_core.package_identification:_identify(.) by extensions ['ros']
[0.519s] Level 1:colcon.colcon_core.package_identification:_identify(.) by extension 'ros'
[0.585s] Level 1:colcon.colcon_core.package_identification:_identify(.) by extensions ['cmake', 'python']
[0.586s] Level 1:colcon.colcon_core.package_identification:_identify(.) by extension 'cmake'
[0.587s] Level 1:colcon.colcon_core.package_identification:_identify(.) by extension 'python'
[0.588s] Level 1:colcon.colcon_core.package_identification:_identify(.) by extensions ['python_setup_py']
[0.589s] Level 1:colcon.colcon_core.package_identification:_identify(.) by extension 'python_setup_py'
[0.595s] Level 1:colcon.colcon_core.package_identification:_identify(build) by extensions ['ignore', 'ignore_ament_install']
[0.595s] Level 1:colcon.colcon_core.package_identification:_identify(build) by extension 'ignore'
[0.598s] Level 1:colcon.colcon_core.package_identification:_identify(build) ignored
[0.604s] Level 1:colcon.colcon_core.package_identification:_identify(install) by extensions ['ignore', 'ignore_ament_install']
[0.605s] Level 1:colcon.colcon_core.package_identification:_identify(install) by extension 'ignore'
[0.609s] Level 1:colcon.colcon_core.package_identification:_identify(install) ignored
[0.618s] Level 1:colcon.colcon_core.package_identification:_identify(log) by extensions ['ignore', 'ignore_ament_install']
[0.619s] Level 1:colcon.colcon_core.package_identification:_identify(log) by extension 'ignore'
[0.621s] Level 1:colcon.colcon_core.package_identification:_identify(log) ignored
[0.628s] Level 1:colcon.colcon_core.package_identification:_identify(src) by extensions ['ignore', 'ignore_ament_install']
[0.629s] Level 1:colcon.colcon_core.package_identification:_identify(src) by extension 'ignore'
[0.631s] Level 1:colcon.colcon_core.package_identification:_identify(src) by extension 'ignore_ament_install'
[0.634s] Level 1:colcon.colcon_core.package_identification:_identify(src) by extensions ['colcon_pkg']
[0.635s] Level 1:colcon.colcon_core.package_identification:_identify(src) by extension 'colcon_pkg'
[0.636s] Level 1:colcon.colcon_core.package_identification:_identify(src) by extensions ['colcon_meta']
[0.637s] Level 1:colcon.colcon_core.package_identification:_identify(src) by extension 'colcon_meta'
[0.639s] Level 1:colcon.colcon_core.package_identification:_identify(src) by extensions ['ros']
[0.639s] Level 1:colcon.colcon_core.package_identification:_identify(src) by extension 'ros'
[0.647s] Level 1:colcon.colcon_core.package_identification:_identify(src) by extensions ['cmake', 'python']
[0.647s] Level 1:colcon.colcon_core.package_identification:_identify(src) by extension 'cmake'
[0.649s] Level 1:colcon.colcon_core.package_identification:_identify(src) by extension 'python'
[0.651s] Level 1:colcon.colcon_core.package_identification:_identify(src) by extensions ['python_setup_py']
[0.652s] Level 1:colcon.colcon_core.package_identification:_identify(src) by extension 'python_setup_py'
[0.664s] Level 1:colcon.colcon_core.package_identification:_identify(src/lh2_ros_bridge) by extensions ['ignore', 'ignore_ament_install']
[0.664s] Level 1:colcon.colcon_core.package_identification:_identify(src/lh2_ros_bridge) by extension 'ignore'
[0.667s] Level 1:colcon.colcon_core.package_identification:_identify(src/lh2_ros_bridge) by extension 'ignore_ament_install'
[0.674s] Level 1:colcon.colcon_core.package_identification:_identify(src/lh2_ros_bridge) by extensions ['colcon_pkg']
[0.674s] Level 1:colcon.colcon_core.package_identification:_identify(src/lh2_ros_bridge) by extension 'colcon_pkg'
[0.678s] Level 1:colcon.colcon_core.package_identification:_identify(src/lh2_ros_bridge) by extensions ['colcon_meta']
[0.678s] Level 1:colcon.colcon_core.package_identification:_identify(src/lh2_ros_bridge) by extension 'colcon_meta'
[0.683s] Level 1:colcon.colcon_core.package_identification:_identify(src/lh2_ros_bridge) by extensions ['ros']
[0.683s] Level 1:colcon.colcon_core.package_identification:_identify(src/lh2_ros_bridge) by extension 'ros'
[0.716s] DEBUG:colcon.colcon_core.package_identification:Package 'src/lh2_ros_bridge' with type 'ros.ament_python' and name 'lh2_ros_bridge'
[0.717s] Level 1:colcon.colcon_core.package_discovery:discover_packages(recursive) using defaults
[0.718s] Level 1:colcon.colcon_core.package_discovery:discover_packages(ignore) discover
[0.719s] Level 1:colcon.colcon_core.package_discovery:discover_packages(ignore) using defaults
[0.719s] Level 1:colcon.colcon_core.package_discovery:discover_packages(path) discover
[0.720s] Level 1:colcon.colcon_core.package_discovery:discover_packages(path) using defaults
[0.791s] Level 1:colcon.colcon_core.package_discovery:discover_packages(prefix_path) check parameters
[0.792s] Level 1:colcon.colcon_core.package_discovery:discover_packages(prefix_path) discover
[0.799s] WARNING:colcon.colcon_ros.prefix_path.ament:The path '/mnt/c/Users/elkah/lh2_positioning/positioningv10/ros2_ws/install/lh2_ros_bridge' in the environment variable AMENT_PREFIX_PATH doesn't exist
[0.832s] DEBUG:colcon.colcon_installed_package_information.package_discovery:Found 0 installed packages in /mnt/c/Users/elkah/lh2_positioning/positioningv10/ros2_ws/install
[0.838s] DEBUG:colcon.colcon_installed_package_information.package_discovery:Found 407 installed packages in /opt/ros/jazzy
[0.843s] Level 1:colcon.colcon_core.package_discovery:discover_packages(prefix_path) using defaults
[1.017s] Level 5:colcon.colcon_core.verb:set package 'lh2_ros_bridge' build argument 'cmake_args' from command line to 'None'
[1.017s] Level 5:colcon.colcon_core.verb:set package 'lh2_ros_bridge' build argument 'cmake_target' from command line to 'None'
[1.018s] Level 5:colcon.colcon_core.verb:set package 'lh2_ros_bridge' build argument 'cmake_target_skip_unavailable' from command line to 'False'
[1.018s] Level 5:colcon.colcon_core.verb:set package 'lh2_ros_bridge' build argument 'cmake_clean_cache' from command line to 'False'
[1.019s] Level 5:colcon.colcon_core.verb:set package 'lh2_ros_bridge' build argument 'cmake_clean_first' from command line to 'False'
[1.019s] Level 5:colcon.colcon_core.verb:set package 'lh2_ros_bridge' build argument 'cmake_force_configure' from command line to 'False'
[1.020s] Level 5:colcon.colcon_core.verb:set package 'lh2_ros_bridge' build argument 'ament_cmake_args' from command line to 'None'
[1.020s] Level 5:colcon.colcon_core.verb:set package 'lh2_ros_bridge' build argument 'catkin_cmake_args' from command line to 'None'
[1.021s] Level 5:colcon.colcon_core.verb:set package 'lh2_ros_bridge' build argument 'catkin_skip_building_tests' from command line to 'False'
[1.022s] DEBUG:colcon.colcon_core.verb:Building package 'lh2_ros_bridge' with the following arguments: {'ament_cmake_args': None, 'build_base': '/mnt/c/Users/elkah/lh2_positioning/positioningv10/ros2_ws/build/lh2_ros_bridge', 'catkin_cmake_args': None, 'catkin_skip_building_tests': False, 'cmake_args': None, 'cmake_clean_cache': False, 'cmake_clean_first': False, 'cmake_force_configure': False, 'cmake_target': None, 'cmake_target_skip_unavailable': False, 'install_base': '/mnt/c/Users/elkah/lh2_positioning/positioningv10/ros2_ws/install/lh2_ros_bridge', 'merge_install': False, 'path': '/mnt/c/Users/elkah/lh2_positioning/positioningv10/ros2_ws/src/lh2_ros_bridge', 'symlink_install': True, 'test_result_base': None}
[1.023s] INFO:colcon.colcon_core.executor:Executing jobs using 'parallel' executor
[1.024s] DEBUG:colcon.colcon_parallel_executor.executor.parallel:run_until_complete
[1.025s] INFO:colcon.colcon_ros.task.ament_python.build:Building ROS package in '/mnt/c/Users/elkah/lh2_positioning/positioningv10/ros2_ws/src/lh2_ros_bridge' with build type 'ament_python'
[1.026s] Level 1:colcon.colcon_core.shell:create_environment_hook('lh2_ros_bridge', 'ament_prefix_path')
[1.032s] INFO:colcon.colcon_core.plugin_system:Skipping extension 'colcon_core.shell.bat': Not used on non-Windows systems
[1.033s] INFO:colcon.colcon_core.shell:Creating environment hook '/mnt/c/Users/elkah/lh2_positioning/positioningv10/ros2_ws/install/lh2_ros_bridge/share/lh2_ros_bridge/hook/ament_prefix_path.ps1'
[1.076s] INFO:colcon.colcon_core.shell:Creating environment descriptor '/mnt/c/Users/elkah/lh2_positioning/positioningv10/ros2_ws/install/lh2_ros_bridge/share/lh2_ros_bridge/hook/ament_prefix_path.dsv'
[1.111s] INFO:colcon.colcon_core.shell:Creating environment hook '/mnt/c/Users/elkah/lh2_positioning/positioningv10/ros2_ws/install/lh2_ros_bridge/share/lh2_ros_bridge/hook/ament_prefix_path.sh'
[1.147s] INFO:colcon.colcon_core.shell:Skip shell extension 'powershell' for command environment: Not usable outside of PowerShell
[1.148s] DEBUG:colcon.colcon_core.shell:Skip shell extension 'dsv' for command environment
[2.284s] INFO:colcon.colcon_core.task.python.build:Building Python package in '/mnt/c/Users/elkah/lh2_positioning/positioningv10/ros2_ws/src/lh2_ros_bridge'
[2.285s] INFO:colcon.colcon_core.shell:Skip shell extension 'powershell' for command environment: Not usable outside of PowerShell
[2.286s] DEBUG:colcon.colcon_core.shell:Skip shell extension 'dsv' for command environment
[6.277s] DEBUG:colcon.colcon_core.event_handler.log_command:Invoking command in '/mnt/c/Users/elkah/lh2_positioning/positioningv10/ros2_ws/build/lh2_ros_bridge': CONDA_PROMPT_MODIFIER=(base) DEBUGINFOD_URLS=https://debuginfod.ubuntu.com PYTHONPATH=/mnt/c/Users/elkah/lh2_positioning/positioningv10/ros2_ws/build/lh2_ros_bridge/prefix_override:/usr/lib/python3/dist-packages/colcon_core/task/python/colcon_distutils_commands:/mnt/c/Users/elkah/lh2_positioning/positioningv10/ros2_ws/install/lh2_ros_bridge/lib/python3.12/site-packages:${PYTHONPATH} /usr/bin/python3 -W ignore:setup.py install is deprecated -W ignore:easy_install command is deprecated setup.py develop --editable --build-directory /mnt/c/Users/elkah/lh2_positioning/positioningv10/ros2_ws/build/lh2_ros_bridge/build --no-deps symlink_data
[10.634s] Level 1:colcon.colcon_core.shell:create_environment_hook('lh2_ros_bridge', 'pythonpath_develop')
[10.635s] INFO:colcon.colcon_core.shell:Creating environment hook '/mnt/c/Users/elkah/lh2_positioning/positioningv10/ros2_ws/build/lh2_ros_bridge/share/lh2_ros_bridge/hook/pythonpath_develop.ps1'
[10.638s] DEBUG:colcon.colcon_core.event_handler.log_command:Invoked command in '/mnt/c/Users/elkah/lh2_positioning/positioningv10/ros2_ws/build/lh2_ros_bridge' returned '0': CONDA_PROMPT_MODIFIER=(base) DEBUGINFOD_URLS=https://debuginfod.ubuntu.com PYTHONPATH=/mnt/c/Users/elkah/lh2_positioning/positioningv10/ros2_ws/build/lh2_ros_bridge/prefix_override:/usr/lib/python3/dist-packages/colcon_core/task/python/colcon_distutils_commands:/mnt/c/Users/elkah/lh2_positioning/positioningv10/ros2_ws/install/lh2_ros_bridge/lib/python3.12/site-packages:${PYTHONPATH} /usr/bin/python3 -W ignore:setup.py install is deprecated -W ignore:easy_install command is deprecated setup.py develop --editable --build-directory /mnt/c/Users/elkah/lh2_positioning/positioningv10/ros2_ws/build/lh2_ros_bridge/build --no-deps symlink_data
[10.677s] INFO:colcon.colcon_core.shell:Creating environment descriptor '/mnt/c/Users/elkah/lh2_positioning/positioningv10/ros2_ws/build/lh2_ros_bridge/share/lh2_ros_bridge/hook/pythonpath_develop.dsv'
[10.708s] INFO:colcon.colcon_core.shell:Creating environment hook '/mnt/c/Users/elkah/lh2_positioning/positioningv10/ros2_ws/build/lh2_ros_bridge/share/lh2_ros_bridge/hook/pythonpath_develop.sh'
[10.743s] Level 1:colcon.colcon_core.environment:checking '/mnt/c/Users/elkah/lh2_positioning/positioningv10/ros2_ws/install/lh2_ros_bridge' for CMake module files
[10.876s] Level 1:colcon.colcon_core.environment:checking '/mnt/c/Users/elkah/lh2_positioning/positioningv10/ros2_ws/install/lh2_ros_bridge' for CMake config files
[11.069s] Level 1:colcon.colcon_core.environment:checking '/mnt/c/Users/elkah/lh2_positioning/positioningv10/ros2_ws/install/lh2_ros_bridge/lib'
[11.078s] Level 1:colcon.colcon_core.environment:checking '/mnt/c/Users/elkah/lh2_positioning/positioningv10/ros2_ws/install/lh2_ros_bridge/bin'
[11.082s] Level 1:colcon.colcon_core.environment:checking '/mnt/c/Users/elkah/lh2_positioning/positioningv10/ros2_ws/install/lh2_ros_bridge/lib/pkgconfig/lh2_ros_bridge.pc'
[11.087s] Level 1:colcon.colcon_core.environment:checking '/mnt/c/Users/elkah/lh2_positioning/positioningv10/ros2_ws/install/lh2_ros_bridge/lib/python3.12/site-packages'
[11.093s] Level 1:colcon.colcon_core.shell:create_environment_hook('lh2_ros_bridge', 'pythonpath')
[11.094s] INFO:colcon.colcon_core.shell:Creating environment hook '/mnt/c/Users/elkah/lh2_positioning/positioningv10/ros2_ws/install/lh2_ros_bridge/share/lh2_ros_bridge/hook/pythonpath.ps1'
[11.127s] INFO:colcon.colcon_core.shell:Creating environment descriptor '/mnt/c/Users/elkah/lh2_positioning/positioningv10/ros2_ws/install/lh2_ros_bridge/share/lh2_ros_bridge/hook/pythonpath.dsv'
[11.167s] INFO:colcon.colcon_core.shell:Creating environment hook '/mnt/c/Users/elkah/lh2_positioning/positioningv10/ros2_ws/install/lh2_ros_bridge/share/lh2_ros_bridge/hook/pythonpath.sh'
[11.205s] Level 1:colcon.colcon_core.environment:checking '/mnt/c/Users/elkah/lh2_positioning/positioningv10/ros2_ws/install/lh2_ros_bridge/bin'
[11.209s] Level 1:colcon.colcon_core.environment:create_environment_scripts_only(lh2_ros_bridge)
[11.210s] INFO:colcon.colcon_core.shell:Creating package script '/mnt/c/Users/elkah/lh2_positioning/positioningv10/ros2_ws/install/lh2_ros_bridge/share/lh2_ros_bridge/package.ps1'
[11.237s] INFO:colcon.colcon_core.shell:Creating package descriptor '/mnt/c/Users/elkah/lh2_positioning/positioningv10/ros2_ws/install/lh2_ros_bridge/share/lh2_ros_bridge/package.dsv'
[11.268s] INFO:colcon.colcon_core.shell:Creating package script '/mnt/c/Users/elkah/lh2_positioning/positioningv10/ros2_ws/install/lh2_ros_bridge/share/lh2_ros_bridge/package.sh'
[11.296s] INFO:colcon.colcon_core.shell:Creating package script '/mnt/c/Users/elkah/lh2_positioning/positioningv10/ros2_ws/install/lh2_ros_bridge/share/lh2_ros_bridge/package.bash'
[11.326s] INFO:colcon.colcon_core.shell:Creating package script '/mnt/c/Users/elkah/lh2_positioning/positioningv10/ros2_ws/install/lh2_ros_bridge/share/lh2_ros_bridge/package.zsh'
[11.353s] Level 1:colcon.colcon_core.environment:create_file_with_runtime_dependencies(/mnt/c/Users/elkah/lh2_positioning/positioningv10/ros2_ws/install/lh2_ros_bridge/share/colcon-core/packages/lh2_ros_bridge)
[11.378s] DEBUG:colcon.colcon_parallel_executor.executor.parallel:closing loop
[11.380s] DEBUG:colcon.colcon_parallel_executor.executor.parallel:loop closed
[11.380s] DEBUG:colcon.colcon_parallel_executor.executor.parallel:run_until_complete finished with '0'
[11.381s] DEBUG:colcon.colcon_core.event_reactor:joining thread
[11.466s] INFO:colcon.colcon_core.plugin_system:Skipping extension 'colcon_notification.desktop_notification.notify_send': Could not find 'notify-send'
[11.467s] INFO:colcon.colcon_core.plugin_system:Skipping extension 'colcon_notification.desktop_notification.terminal_notifier': Not used on non-Darwin systems
[11.468s] INFO:colcon.colcon_core.plugin_system:Skipping extension 'colcon_notification.desktop_notification.win32': Not used on non-Windows systems
[11.468s] INFO:colcon.colcon_notification.desktop_notification:Sending desktop notification using 'notify2'
[11.471s] DEBUG:colcon.colcon_notification.desktop_notification.notify2:Failed to initialize notify2: org.freedesktop.DBus.Error.ServiceUnknown: The name org.freedesktop.Notifications was not provided by any .service files
[11.472s] DEBUG:colcon.colcon_core.event_reactor:joined thread
[11.473s] INFO:colcon.colcon_core.shell:Creating prefix script '/mnt/c/Users/elkah/lh2_positioning/positioningv10/ros2_ws/install/local_setup.ps1'
[11.488s] INFO:colcon.colcon_core.shell:Creating prefix util module '/mnt/c/Users/elkah/lh2_positioning/positioningv10/ros2_ws/install/_local_setup_util_ps1.py'
[11.502s] INFO:colcon.colcon_core.shell:Creating prefix chain script '/mnt/c/Users/elkah/lh2_positioning/positioningv10/ros2_ws/install/setup.ps1'
[11.533s] INFO:colcon.colcon_core.shell:Creating prefix script '/mnt/c/Users/elkah/lh2_positioning/positioningv10/ros2_ws/install/local_setup.sh'
[11.547s] INFO:colcon.colcon_core.shell:Creating prefix util module '/mnt/c/Users/elkah/lh2_positioning/positioningv10/ros2_ws/install/_local_setup_util_sh.py'
[11.560s] INFO:colcon.colcon_core.shell:Creating prefix chain script '/mnt/c/Users/elkah/lh2_positioning/positioningv10/ros2_ws/install/setup.sh'
[11.596s] INFO:colcon.colcon_core.shell:Creating prefix script '/mnt/c/Users/elkah/lh2_positioning/positioningv10/ros2_ws/install/local_setup.bash'
[11.609s] INFO:colcon.colcon_core.shell:Creating prefix chain script '/mnt/c/Users/elkah/lh2_positioning/positioningv10/ros2_ws/install/setup.bash'
[11.641s] INFO:colcon.colcon_core.shell:Creating prefix script '/mnt/c/Users/elkah/lh2_positioning/positioningv10/ros2_ws/install/local_setup.zsh'
[11.654s] INFO:colcon.colcon_core.shell:Creating prefix chain script '/mnt/c/Users/elkah/lh2_positioning/positioningv10/ros2_ws/install/setup.zsh'
