[2.600s] Invoking command in '/mnt/c/Users/elkah/lh2_positioning/positioningv10/ros2_ws/build/lh2_ros_bridge': CONDA_PROMPT_MODIFIER=(base) DEBUGINFOD_URLS=https://debuginfod.ubuntu.com PYTHONPATH=/mnt/c/Users/elkah/lh2_positioning/positioningv10/ros2_ws/build/lh2_ros_bridge/prefix_override:/usr/lib/python3/dist-packages/colcon_core/task/python/colcon_distutils_commands:/mnt/c/Users/elkah/lh2_positioning/positioningv10/ros2_ws/install/lh2_ros_bridge/lib/python3.12/site-packages:${PYTHONPATH} /usr/bin/python3 -W ignore:setup.py install is deprecated -W ignore:easy_install command is deprecated setup.py develop --editable --build-directory /mnt/c/Users/elkah/lh2_positioning/positioningv10/ros2_ws/build/lh2_ros_bridge/build --no-deps symlink_data
[3.422s] running develop
[3.856s] running egg_info
[3.880s] writing lh2_ros_bridge.egg-info/PKG-INFO
[3.884s] writing dependency_links to lh2_ros_bridge.egg-info/dependency_links.txt
[3.887s] writing entry points to lh2_ros_bridge.egg-info/entry_points.txt
[3.890s] writing requirements to lh2_ros_bridge.egg-info/requires.txt
[3.898s] writing top-level names to lh2_ros_bridge.egg-info/top_level.txt
[4.007s] reading manifest file 'lh2_ros_bridge.egg-info/SOURCES.txt'
[4.090s] writing manifest file 'lh2_ros_bridge.egg-info/SOURCES.txt'
[4.130s] running build_ext
[4.132s] Creating /mnt/c/Users/elkah/lh2_positioning/positioningv10/ros2_ws/install/lh2_ros_bridge/lib/python3.12/site-packages/lh2-ros-bridge.egg-link (link to .)
[4.150s] Installing lh2_calibration_recorder_node script to /mnt/c/Users/elkah/lh2_positioning/positioningv10/ros2_ws/install/lh2_ros_bridge/lib/lh2_ros_bridge
[4.166s] Installing lh2_parser_node script to /mnt/c/Users/elkah/lh2_positioning/positioningv10/ros2_ws/install/lh2_ros_bridge/lib/lh2_ros_bridge
[4.183s] Installing lh2_position_node script to /mnt/c/Users/elkah/lh2_positioning/positioningv10/ros2_ws/install/lh2_ros_bridge/lib/lh2_ros_bridge
[4.202s] Installing lh2_serial_node script to /mnt/c/Users/elkah/lh2_positioning/positioningv10/ros2_ws/install/lh2_ros_bridge/lib/lh2_ros_bridge
[4.222s] 
[4.223s] Installed /mnt/c/Users/elkah/lh2_positioning/positioningv10/ros2_ws/build/lh2_ros_bridge
[4.226s] running symlink_data
[4.335s] Invoked command in '/mnt/c/Users/elkah/lh2_positioning/positioningv10/ros2_ws/build/lh2_ros_bridge' returned '0': CONDA_PROMPT_MODIFIER=(base) DEBUGINFOD_URLS=https://debuginfod.ubuntu.com PYTHONPATH=/mnt/c/Users/elkah/lh2_positioning/positioningv10/ros2_ws/build/lh2_ros_bridge/prefix_override:/usr/lib/python3/dist-packages/colcon_core/task/python/colcon_distutils_commands:/mnt/c/Users/elkah/lh2_positioning/positioningv10/ros2_ws/install/lh2_ros_bridge/lib/python3.12/site-packages:${PYTHONPATH} /usr/bin/python3 -W ignore:setup.py install is deprecated -W ignore:easy_install command is deprecated setup.py develop --editable --build-directory /mnt/c/Users/elkah/lh2_positioning/positioningv10/ros2_ws/build/lh2_ros_bridge/build --no-deps symlink_data
