[5.244s] Invoking command in '/mnt/c/Users/elkah/lh2_positioning/positioningv10/ros2_ws/build/lh2_ros_bridge': CONDA_PROMPT_MODIFIER=(base) DEBUGINFOD_URLS=https://debuginfod.ubuntu.com PYTHONPATH=/mnt/c/Users/elkah/lh2_positioning/positioningv10/ros2_ws/build/lh2_ros_bridge/prefix_override:/usr/lib/python3/dist-packages/colcon_core/task/python/colcon_distutils_commands:/mnt/c/Users/elkah/lh2_positioning/positioningv10/ros2_ws/install/lh2_ros_bridge/lib/python3.12/site-packages:${PYTHONPATH} /usr/bin/python3 -W ignore:setup.py install is deprecated -W ignore:easy_install command is deprecated setup.py develop --editable --build-directory /mnt/c/Users/elkah/lh2_positioning/positioningv10/ros2_ws/build/lh2_ros_bridge/build --no-deps symlink_data
[7.559s] running develop
[8.483s] running egg_info
[8.485s] creating lh2_ros_bridge.egg-info
[8.565s] writing lh2_ros_bridge.egg-info/PKG-INFO
[8.581s] writing dependency_links to lh2_ros_bridge.egg-info/dependency_links.txt
[8.588s] writing entry points to lh2_ros_bridge.egg-info/entry_points.txt
[8.597s] writing requirements to lh2_ros_bridge.egg-info/requires.txt
[8.603s] writing top-level names to lh2_ros_bridge.egg-info/top_level.txt
[8.616s] writing manifest file 'lh2_ros_bridge.egg-info/SOURCES.txt'
[8.890s] reading manifest file 'lh2_ros_bridge.egg-info/SOURCES.txt'
[9.041s] writing manifest file 'lh2_ros_bridge.egg-info/SOURCES.txt'
[9.137s] running build_ext
[9.140s] Creating /mnt/c/Users/elkah/lh2_positioning/positioningv10/ros2_ws/install/lh2_ros_bridge/lib/python3.12/site-packages/lh2-ros-bridge.egg-link (link to .)
[9.193s] Installing lh2_calibration_recorder_node script to /mnt/c/Users/elkah/lh2_positioning/positioningv10/ros2_ws/install/lh2_ros_bridge/lib/lh2_ros_bridge
[9.225s] Installing lh2_parser_node script to /mnt/c/Users/elkah/lh2_positioning/positioningv10/ros2_ws/install/lh2_ros_bridge/lib/lh2_ros_bridge
[9.269s] Installing lh2_position_node script to /mnt/c/Users/elkah/lh2_positioning/positioningv10/ros2_ws/install/lh2_ros_bridge/lib/lh2_ros_bridge
[9.304s] Installing lh2_serial_node script to /mnt/c/Users/elkah/lh2_positioning/positioningv10/ros2_ws/install/lh2_ros_bridge/lib/lh2_ros_bridge
[9.356s] 
[9.359s] Installed /mnt/c/Users/elkah/lh2_positioning/positioningv10/ros2_ws/build/lh2_ros_bridge
[9.364s] running symlink_data
[9.382s] creating /mnt/c/Users/elkah/lh2_positioning/positioningv10/ros2_ws/install/lh2_ros_bridge/share/ament_index
[9.388s] creating /mnt/c/Users/elkah/lh2_positioning/positioningv10/ros2_ws/install/lh2_ros_bridge/share/ament_index/resource_index
[9.394s] creating /mnt/c/Users/elkah/lh2_positioning/positioningv10/ros2_ws/install/lh2_ros_bridge/share/ament_index/resource_index/packages
[9.431s] symbolically linking /mnt/c/Users/elkah/lh2_positioning/positioningv10/ros2_ws/build/lh2_ros_bridge/resource/lh2_ros_bridge -> /mnt/c/Users/elkah/lh2_positioning/positioningv10/ros2_ws/install/lh2_ros_bridge/share/ament_index/resource_index/packages
[9.472s] symbolically linking /mnt/c/Users/elkah/lh2_positioning/positioningv10/ros2_ws/build/lh2_ros_bridge/package.xml -> /mnt/c/Users/elkah/lh2_positioning/positioningv10/ros2_ws/install/lh2_ros_bridge/share/lh2_ros_bridge
[9.492s] creating /mnt/c/Users/elkah/lh2_positioning/positioningv10/ros2_ws/install/lh2_ros_bridge/share/lh2_ros_bridge/launch
[9.527s] symbolically linking /mnt/c/Users/elkah/lh2_positioning/positioningv10/ros2_ws/build/lh2_ros_bridge/launch/lh2_bridge.launch.py -> /mnt/c/Users/elkah/lh2_positioning/positioningv10/ros2_ws/install/lh2_ros_bridge/share/lh2_ros_bridge/launch
[9.605s] Invoked command in '/mnt/c/Users/elkah/lh2_positioning/positioningv10/ros2_ws/build/lh2_ros_bridge' returned '0': CONDA_PROMPT_MODIFIER=(base) DEBUGINFOD_URLS=https://debuginfod.ubuntu.com PYTHONPATH=/mnt/c/Users/elkah/lh2_positioning/positioningv10/ros2_ws/build/lh2_ros_bridge/prefix_override:/usr/lib/python3/dist-packages/colcon_core/task/python/colcon_distutils_commands:/mnt/c/Users/elkah/lh2_positioning/positioningv10/ros2_ws/install/lh2_ros_bridge/lib/python3.12/site-packages:${PYTHONPATH} /usr/bin/python3 -W ignore:setup.py install is deprecated -W ignore:easy_install command is deprecated setup.py develop --editable --build-directory /mnt/c/Users/elkah/lh2_positioning/positioningv10/ros2_ws/build/lh2_ros_bridge/build --no-deps symlink_data
