[0.848s] DEBUG:colcon:Command line arguments: ['/usr/bin/colcon', 'build', '--symlink-install']
[0.849s] DEBUG:colcon:Parsed command line arguments: Namespace(log_base=None, log_level=None, verb_name='build', build_base='build', install_base='install', merge_install=False, symlink_install=True, test_result_base=None, continue_on_error=False, executor='parallel', parallel_workers=8, event_handlers=None, ignore_user_meta=False, metas=['./colcon.meta'], base_paths=['.'], packages_ignore=None, packages_ignore_regex=None, paths=None, packages_up_to=None, packages_up_to_regex=None, packages_above=None, packages_above_and_dependencies=None, packages_above_depth=None, packages_select_by_dep=None, packages_skip_by_dep=None, packages_skip_up_to=None, packages_select_build_failed=False, packages_skip_build_finished=False, packages_select_test_failures=False, packages_skip_test_passed=False, packages_select=None, packages_skip=None, packages_select_regex=None, packages_skip_regex=None, packages_start=None, packages_end=None, allow_overriding=[], cmake_args=None, cmake_target=None, cmake_target_skip_unavailable=False, cmake_clean_cache=False, cmake_clean_first=False, cmake_force_configure=False, ament_cmake_args=None, catkin_cmake_args=None, catkin_skip_building_tests=False, mixin_files=None, mixin=None, verb_parser=<colcon_mixin.mixin.mixin_argument.MixinArgumentDecorator object at 0x76d88158aba0>, verb_extension=<colcon_core.verb.build.BuildVerb object at 0x76d8820486e0>, main=<bound method BuildVerb.main of <colcon_core.verb.build.BuildVerb object at 0x76d8820486e0>>, mixin_verb=('build',))
[1.015s] Level 1:colcon.colcon_core.package_discovery:discover_packages(colcon_meta) check parameters
[1.016s] Level 1:colcon.colcon_core.package_discovery:discover_packages(recursive) check parameters
[1.017s] Level 1:colcon.colcon_core.package_discovery:discover_packages(ignore) check parameters
[1.017s] Level 1:colcon.colcon_core.package_discovery:discover_packages(path) check parameters
[1.018s] Level 1:colcon.colcon_core.package_discovery:discover_packages(colcon_meta) discover
[1.018s] Level 1:colcon.colcon_core.package_discovery:discover_packages(recursive) discover
[1.018s] INFO:colcon.colcon_core.package_discovery:Crawling recursively for packages in '/mnt/c/Users/elkah/lh2_positioning/positioningv10/ros2_ws'
[1.021s] Level 1:colcon.colcon_core.package_identification:_identify(.) by extensions ['ignore', 'ignore_ament_install']
[1.022s] Level 1:colcon.colcon_core.package_identification:_identify(.) by extension 'ignore'
[1.022s] Level 1:colcon.colcon_core.package_identification:_identify(.) by extension 'ignore_ament_install'
[1.024s] Level 1:colcon.colcon_core.package_identification:_identify(.) by extensions ['colcon_pkg']
[1.024s] Level 1:colcon.colcon_core.package_identification:_identify(.) by extension 'colcon_pkg'
[1.025s] Level 1:colcon.colcon_core.package_identification:_identify(.) by extensions ['colcon_meta']
[1.025s] Level 1:colcon.colcon_core.package_identification:_identify(.) by extension 'colcon_meta'
[1.026s] Level 1:colcon.colcon_core.package_identification:_identify(.) by extensions ['ros']
[1.026s] Level 1:colcon.colcon_core.package_identification:_identify(.) by extension 'ros'
[1.140s] Level 1:colcon.colcon_core.package_identification:_identify(.) by extensions ['cmake', 'python']
[1.140s] Level 1:colcon.colcon_core.package_identification:_identify(.) by extension 'cmake'
[1.141s] Level 1:colcon.colcon_core.package_identification:_identify(.) by extension 'python'
[1.142s] Level 1:colcon.colcon_core.package_identification:_identify(.) by extensions ['python_setup_py']
[1.142s] Level 1:colcon.colcon_core.package_identification:_identify(.) by extension 'python_setup_py'
[1.150s] Level 1:colcon.colcon_core.package_identification:_identify(build) by extensions ['ignore', 'ignore_ament_install']
[1.151s] Level 1:colcon.colcon_core.package_identification:_identify(build) by extension 'ignore'
[1.154s] Level 1:colcon.colcon_core.package_identification:_identify(build) ignored
[1.159s] Level 1:colcon.colcon_core.package_identification:_identify(install) by extensions ['ignore', 'ignore_ament_install']
[1.159s] Level 1:colcon.colcon_core.package_identification:_identify(install) by extension 'ignore'
[1.163s] Level 1:colcon.colcon_core.package_identification:_identify(install) ignored
[1.171s] Level 1:colcon.colcon_core.package_identification:_identify(log) by extensions ['ignore', 'ignore_ament_install']
[1.172s] Level 1:colcon.colcon_core.package_identification:_identify(log) by extension 'ignore'
[1.174s] Level 1:colcon.colcon_core.package_identification:_identify(log) ignored
[1.179s] Level 1:colcon.colcon_core.package_identification:_identify(src) by extensions ['ignore', 'ignore_ament_install']
[1.179s] Level 1:colcon.colcon_core.package_identification:_identify(src) by extension 'ignore'
[1.181s] Level 1:colcon.colcon_core.package_identification:_identify(src) by extension 'ignore_ament_install'
[1.185s] Level 1:colcon.colcon_core.package_identification:_identify(src) by extensions ['colcon_pkg']
[1.185s] Level 1:colcon.colcon_core.package_identification:_identify(src) by extension 'colcon_pkg'
[1.187s] Level 1:colcon.colcon_core.package_identification:_identify(src) by extensions ['colcon_meta']
[1.187s] Level 1:colcon.colcon_core.package_identification:_identify(src) by extension 'colcon_meta'
[1.189s] Level 1:colcon.colcon_core.package_identification:_identify(src) by extensions ['ros']
[1.189s] Level 1:colcon.colcon_core.package_identification:_identify(src) by extension 'ros'
[1.196s] Level 1:colcon.colcon_core.package_identification:_identify(src) by extensions ['cmake', 'python']
[1.196s] Level 1:colcon.colcon_core.package_identification:_identify(src) by extension 'cmake'
[1.199s] Level 1:colcon.colcon_core.package_identification:_identify(src) by extension 'python'
[1.201s] Level 1:colcon.colcon_core.package_identification:_identify(src) by extensions ['python_setup_py']
[1.201s] Level 1:colcon.colcon_core.package_identification:_identify(src) by extension 'python_setup_py'
[1.211s] Level 1:colcon.colcon_core.package_identification:_identify(src/lh2_ros_bridge) by extensions ['ignore', 'ignore_ament_install']
[1.212s] Level 1:colcon.colcon_core.package_identification:_identify(src/lh2_ros_bridge) by extension 'ignore'
[1.216s] Level 1:colcon.colcon_core.package_identification:_identify(src/lh2_ros_bridge) by extension 'ignore_ament_install'
[1.221s] Level 1:colcon.colcon_core.package_identification:_identify(src/lh2_ros_bridge) by extensions ['colcon_pkg']
[1.222s] Level 1:colcon.colcon_core.package_identification:_identify(src/lh2_ros_bridge) by extension 'colcon_pkg'
[1.224s] Level 1:colcon.colcon_core.package_identification:_identify(src/lh2_ros_bridge) by extensions ['colcon_meta']
[1.225s] Level 1:colcon.colcon_core.package_identification:_identify(src/lh2_ros_bridge) by extension 'colcon_meta'
[1.228s] Level 1:colcon.colcon_core.package_identification:_identify(src/lh2_ros_bridge) by extensions ['ros']
[1.229s] Level 1:colcon.colcon_core.package_identification:_identify(src/lh2_ros_bridge) by extension 'ros'
[1.263s] DEBUG:colcon.colcon_core.package_identification:Package 'src/lh2_ros_bridge' with type 'ros.ament_python' and name 'lh2_ros_bridge'
[1.264s] Level 1:colcon.colcon_core.package_discovery:discover_packages(recursive) using defaults
[1.264s] Level 1:colcon.colcon_core.package_discovery:discover_packages(ignore) discover
[1.265s] Level 1:colcon.colcon_core.package_discovery:discover_packages(ignore) using defaults
[1.266s] Level 1:colcon.colcon_core.package_discovery:discover_packages(path) discover
[1.266s] Level 1:colcon.colcon_core.package_discovery:discover_packages(path) using defaults
[1.411s] Level 1:colcon.colcon_core.package_discovery:discover_packages(prefix_path) check parameters
[1.412s] Level 1:colcon.colcon_core.package_discovery:discover_packages(prefix_path) discover
[1.485s] DEBUG:colcon.colcon_installed_package_information.package_discovery:Found 1 installed packages in /mnt/c/Users/elkah/lh2_positioning/positioningv10/ros2_ws/install
[1.491s] DEBUG:colcon.colcon_installed_package_information.package_discovery:Found 407 installed packages in /opt/ros/jazzy
[1.494s] Level 1:colcon.colcon_core.package_discovery:discover_packages(prefix_path) using defaults
[1.643s] Level 5:colcon.colcon_core.verb:set package 'lh2_ros_bridge' build argument 'cmake_args' from command line to 'None'
[1.644s] Level 5:colcon.colcon_core.verb:set package 'lh2_ros_bridge' build argument 'cmake_target' from command line to 'None'
[1.644s] Level 5:colcon.colcon_core.verb:set package 'lh2_ros_bridge' build argument 'cmake_target_skip_unavailable' from command line to 'False'
[1.644s] Level 5:colcon.colcon_core.verb:set package 'lh2_ros_bridge' build argument 'cmake_clean_cache' from command line to 'False'
[1.645s] Level 5:colcon.colcon_core.verb:set package 'lh2_ros_bridge' build argument 'cmake_clean_first' from command line to 'False'
[1.645s] Level 5:colcon.colcon_core.verb:set package 'lh2_ros_bridge' build argument 'cmake_force_configure' from command line to 'False'
[1.646s] Level 5:colcon.colcon_core.verb:set package 'lh2_ros_bridge' build argument 'ament_cmake_args' from command line to 'None'
[1.646s] Level 5:colcon.colcon_core.verb:set package 'lh2_ros_bridge' build argument 'catkin_cmake_args' from command line to 'None'
[1.646s] Level 5:colcon.colcon_core.verb:set package 'lh2_ros_bridge' build argument 'catkin_skip_building_tests' from command line to 'False'
[1.647s] DEBUG:colcon.colcon_core.verb:Building package 'lh2_ros_bridge' with the following arguments: {'ament_cmake_args': None, 'build_base': '/mnt/c/Users/elkah/lh2_positioning/positioningv10/ros2_ws/build/lh2_ros_bridge', 'catkin_cmake_args': None, 'catkin_skip_building_tests': False, 'cmake_args': None, 'cmake_clean_cache': False, 'cmake_clean_first': False, 'cmake_force_configure': False, 'cmake_target': None, 'cmake_target_skip_unavailable': False, 'install_base': '/mnt/c/Users/elkah/lh2_positioning/positioningv10/ros2_ws/install/lh2_ros_bridge', 'merge_install': False, 'path': '/mnt/c/Users/elkah/lh2_positioning/positioningv10/ros2_ws/src/lh2_ros_bridge', 'symlink_install': True, 'test_result_base': None}
[1.648s] INFO:colcon.colcon_core.executor:Executing jobs using 'parallel' executor
[1.651s] DEBUG:colcon.colcon_parallel_executor.executor.parallel:run_until_complete
[1.652s] INFO:colcon.colcon_ros.task.ament_python.build:Building ROS package in '/mnt/c/Users/elkah/lh2_positioning/positioningv10/ros2_ws/src/lh2_ros_bridge' with build type 'ament_python'
[1.652s] Level 1:colcon.colcon_core.shell:create_environment_hook('lh2_ros_bridge', 'ament_prefix_path')
[1.672s] INFO:colcon.colcon_core.plugin_system:Skipping extension 'colcon_core.shell.bat': Not used on non-Windows systems
[1.673s] INFO:colcon.colcon_core.shell:Creating environment hook '/mnt/c/Users/elkah/lh2_positioning/positioningv10/ros2_ws/install/lh2_ros_bridge/share/lh2_ros_bridge/hook/ament_prefix_path.ps1'
[1.703s] INFO:colcon.colcon_core.shell:Creating environment descriptor '/mnt/c/Users/elkah/lh2_positioning/positioningv10/ros2_ws/install/lh2_ros_bridge/share/lh2_ros_bridge/hook/ament_prefix_path.dsv'
[1.734s] INFO:colcon.colcon_core.shell:Creating environment hook '/mnt/c/Users/elkah/lh2_positioning/positioningv10/ros2_ws/install/lh2_ros_bridge/share/lh2_ros_bridge/hook/ament_prefix_path.sh'
[1.766s] INFO:colcon.colcon_core.shell:Skip shell extension 'powershell' for command environment: Not usable outside of PowerShell
[1.766s] DEBUG:colcon.colcon_core.shell:Skip shell extension 'dsv' for command environment
[3.321s] INFO:colcon.colcon_core.task.python.build:Building Python package in '/mnt/c/Users/elkah/lh2_positioning/positioningv10/ros2_ws/src/lh2_ros_bridge'
[3.323s] INFO:colcon.colcon_core.shell:Skip shell extension 'powershell' for command environment: Not usable outside of PowerShell
[3.323s] DEBUG:colcon.colcon_core.shell:Skip shell extension 'dsv' for command environment
[7.471s] DEBUG:colcon.colcon_core.event_handler.log_command:Invoking command in '/mnt/c/Users/elkah/lh2_positioning/positioningv10/ros2_ws/build/lh2_ros_bridge': CONDA_PROMPT_MODIFIER=(base) DEBUGINFOD_URLS=https://debuginfod.ubuntu.com PYTHONPATH=/mnt/c/Users/elkah/lh2_positioning/positioningv10/ros2_ws/build/lh2_ros_bridge/prefix_override:/usr/lib/python3/dist-packages/colcon_core/task/python/colcon_distutils_commands:/mnt/c/Users/elkah/lh2_positioning/positioningv10/ros2_ws/install/lh2_ros_bridge/lib/python3.12/site-packages:${PYTHONPATH} /usr/bin/python3 -W ignore:setup.py install is deprecated -W ignore:easy_install command is deprecated setup.py develop --editable --build-directory /mnt/c/Users/elkah/lh2_positioning/positioningv10/ros2_ws/build/lh2_ros_bridge/build --no-deps symlink_data
[12.582s] Level 1:colcon.colcon_core.shell:create_environment_hook('lh2_ros_bridge', 'pythonpath_develop')
[12.583s] INFO:colcon.colcon_core.shell:Creating environment hook '/mnt/c/Users/elkah/lh2_positioning/positioningv10/ros2_ws/build/lh2_ros_bridge/share/lh2_ros_bridge/hook/pythonpath_develop.ps1'
[12.586s] DEBUG:colcon.colcon_core.event_handler.log_command:Invoked command in '/mnt/c/Users/elkah/lh2_positioning/positioningv10/ros2_ws/build/lh2_ros_bridge' returned '0': CONDA_PROMPT_MODIFIER=(base) DEBUGINFOD_URLS=https://debuginfod.ubuntu.com PYTHONPATH=/mnt/c/Users/elkah/lh2_positioning/positioningv10/ros2_ws/build/lh2_ros_bridge/prefix_override:/usr/lib/python3/dist-packages/colcon_core/task/python/colcon_distutils_commands:/mnt/c/Users/elkah/lh2_positioning/positioningv10/ros2_ws/install/lh2_ros_bridge/lib/python3.12/site-packages:${PYTHONPATH} /usr/bin/python3 -W ignore:setup.py install is deprecated -W ignore:easy_install command is deprecated setup.py develop --editable --build-directory /mnt/c/Users/elkah/lh2_positioning/positioningv10/ros2_ws/build/lh2_ros_bridge/build --no-deps symlink_data
[12.624s] INFO:colcon.colcon_core.shell:Creating environment descriptor '/mnt/c/Users/elkah/lh2_positioning/positioningv10/ros2_ws/build/lh2_ros_bridge/share/lh2_ros_bridge/hook/pythonpath_develop.dsv'
[12.658s] INFO:colcon.colcon_core.shell:Creating environment hook '/mnt/c/Users/elkah/lh2_positioning/positioningv10/ros2_ws/build/lh2_ros_bridge/share/lh2_ros_bridge/hook/pythonpath_develop.sh'
[12.711s] Level 1:colcon.colcon_core.environment:checking '/mnt/c/Users/elkah/lh2_positioning/positioningv10/ros2_ws/install/lh2_ros_bridge' for CMake module files
[12.860s] Level 1:colcon.colcon_core.environment:checking '/mnt/c/Users/elkah/lh2_positioning/positioningv10/ros2_ws/install/lh2_ros_bridge' for CMake config files
[13.108s] Level 1:colcon.colcon_core.environment:checking '/mnt/c/Users/elkah/lh2_positioning/positioningv10/ros2_ws/install/lh2_ros_bridge/lib'
[13.122s] Level 1:colcon.colcon_core.environment:checking '/mnt/c/Users/elkah/lh2_positioning/positioningv10/ros2_ws/install/lh2_ros_bridge/bin'
[13.126s] Level 1:colcon.colcon_core.environment:checking '/mnt/c/Users/elkah/lh2_positioning/positioningv10/ros2_ws/install/lh2_ros_bridge/lib/pkgconfig/lh2_ros_bridge.pc'
[13.131s] Level 1:colcon.colcon_core.environment:checking '/mnt/c/Users/elkah/lh2_positioning/positioningv10/ros2_ws/install/lh2_ros_bridge/lib/python3.12/site-packages'
[13.139s] Level 1:colcon.colcon_core.shell:create_environment_hook('lh2_ros_bridge', 'pythonpath')
[13.140s] INFO:colcon.colcon_core.shell:Creating environment hook '/mnt/c/Users/elkah/lh2_positioning/positioningv10/ros2_ws/install/lh2_ros_bridge/share/lh2_ros_bridge/hook/pythonpath.ps1'
[13.172s] INFO:colcon.colcon_core.shell:Creating environment descriptor '/mnt/c/Users/elkah/lh2_positioning/positioningv10/ros2_ws/install/lh2_ros_bridge/share/lh2_ros_bridge/hook/pythonpath.dsv'
[13.205s] INFO:colcon.colcon_core.shell:Creating environment hook '/mnt/c/Users/elkah/lh2_positioning/positioningv10/ros2_ws/install/lh2_ros_bridge/share/lh2_ros_bridge/hook/pythonpath.sh'
[13.244s] Level 1:colcon.colcon_core.environment:checking '/mnt/c/Users/elkah/lh2_positioning/positioningv10/ros2_ws/install/lh2_ros_bridge/bin'
[13.248s] Level 1:colcon.colcon_core.environment:create_environment_scripts_only(lh2_ros_bridge)
[13.249s] INFO:colcon.colcon_core.shell:Creating package script '/mnt/c/Users/elkah/lh2_positioning/positioningv10/ros2_ws/install/lh2_ros_bridge/share/lh2_ros_bridge/package.ps1'
[13.275s] INFO:colcon.colcon_core.shell:Creating package descriptor '/mnt/c/Users/elkah/lh2_positioning/positioningv10/ros2_ws/install/lh2_ros_bridge/share/lh2_ros_bridge/package.dsv'
[13.303s] INFO:colcon.colcon_core.shell:Creating package script '/mnt/c/Users/elkah/lh2_positioning/positioningv10/ros2_ws/install/lh2_ros_bridge/share/lh2_ros_bridge/package.sh'
[13.336s] INFO:colcon.colcon_core.shell:Creating package script '/mnt/c/Users/elkah/lh2_positioning/positioningv10/ros2_ws/install/lh2_ros_bridge/share/lh2_ros_bridge/package.bash'
[13.363s] INFO:colcon.colcon_core.shell:Creating package script '/mnt/c/Users/elkah/lh2_positioning/positioningv10/ros2_ws/install/lh2_ros_bridge/share/lh2_ros_bridge/package.zsh'
[13.389s] Level 1:colcon.colcon_core.environment:create_file_with_runtime_dependencies(/mnt/c/Users/elkah/lh2_positioning/positioningv10/ros2_ws/install/lh2_ros_bridge/share/colcon-core/packages/lh2_ros_bridge)
[13.411s] DEBUG:colcon.colcon_parallel_executor.executor.parallel:closing loop
[13.412s] DEBUG:colcon.colcon_parallel_executor.executor.parallel:loop closed
[13.413s] DEBUG:colcon.colcon_parallel_executor.executor.parallel:run_until_complete finished with '0'
[13.414s] DEBUG:colcon.colcon_core.event_reactor:joining thread
[13.526s] INFO:colcon.colcon_core.plugin_system:Skipping extension 'colcon_notification.desktop_notification.notify_send': Could not find 'notify-send'
[13.527s] INFO:colcon.colcon_core.plugin_system:Skipping extension 'colcon_notification.desktop_notification.terminal_notifier': Not used on non-Darwin systems
[13.528s] INFO:colcon.colcon_core.plugin_system:Skipping extension 'colcon_notification.desktop_notification.win32': Not used on non-Windows systems
[13.529s] INFO:colcon.colcon_notification.desktop_notification:Sending desktop notification using 'notify2'
[13.533s] DEBUG:colcon.colcon_notification.desktop_notification.notify2:Failed to initialize notify2: org.freedesktop.DBus.Error.ServiceUnknown: The name org.freedesktop.Notifications was not provided by any .service files
[13.533s] DEBUG:colcon.colcon_core.event_reactor:joined thread
[13.534s] INFO:colcon.colcon_core.shell:Creating prefix script '/mnt/c/Users/elkah/lh2_positioning/positioningv10/ros2_ws/install/local_setup.ps1'
[13.550s] INFO:colcon.colcon_core.shell:Creating prefix util module '/mnt/c/Users/elkah/lh2_positioning/positioningv10/ros2_ws/install/_local_setup_util_ps1.py'
[13.567s] INFO:colcon.colcon_core.shell:Creating prefix chain script '/mnt/c/Users/elkah/lh2_positioning/positioningv10/ros2_ws/install/setup.ps1'
[13.610s] INFO:colcon.colcon_core.shell:Creating prefix script '/mnt/c/Users/elkah/lh2_positioning/positioningv10/ros2_ws/install/local_setup.sh'
[13.628s] INFO:colcon.colcon_core.shell:Creating prefix util module '/mnt/c/Users/elkah/lh2_positioning/positioningv10/ros2_ws/install/_local_setup_util_sh.py'
[13.647s] INFO:colcon.colcon_core.shell:Creating prefix chain script '/mnt/c/Users/elkah/lh2_positioning/positioningv10/ros2_ws/install/setup.sh'
[13.691s] INFO:colcon.colcon_core.shell:Creating prefix script '/mnt/c/Users/elkah/lh2_positioning/positioningv10/ros2_ws/install/local_setup.bash'
[13.703s] INFO:colcon.colcon_core.shell:Creating prefix chain script '/mnt/c/Users/elkah/lh2_positioning/positioningv10/ros2_ws/install/setup.bash'
[13.737s] INFO:colcon.colcon_core.shell:Creating prefix script '/mnt/c/Users/elkah/lh2_positioning/positioningv10/ros2_ws/install/local_setup.zsh'
[13.752s] INFO:colcon.colcon_core.shell:Creating prefix chain script '/mnt/c/Users/elkah/lh2_positioning/positioningv10/ros2_ws/install/setup.zsh'
